Log file open, 11/05/19 12:33:40
LogWindows: Failed to load 'aqProf.dll' (GetLastError=126)
LogWindows: File 'aqProf.dll' does not exist
LogWindows: Failed to load 'VtuneApi.dll' (GetLastError=126)
LogWindows: File 'VtuneApi.dll' does not exist
LogWindows: Failed to load 'VtuneApi32e.dll' (GetLastError=126)
LogWindows: File 'VtuneApi32e.dll' does not exist
LogConsoleResponse: Display: Failed to find resolution value strings in scalability ini. Falling back to default.
LogInit: Display: Running engine for game: LastTime
LogPlatformFile: Not using cached read wrapper
LogTaskGraph: Started task graph with 5 named threads and 23 total threads with 3 sets of task threads.
LogStats: Stats thread started at 0.077538
LogD3D11RHI: Loaded GFSDK_Aftermath_Lib.x64.dll
LogICUInternationalization: ICU TimeZone Detection - Raw Offset: -5:00, Platform Override: ''
LogPluginManager: Mounting plugin Paper2D
LogPluginManager: Mounting plugin AISupport
LogPluginManager: Mounting plugin LightPropagationVolume
LogPluginManager: Mounting plugin ActorLayerUtilities
LogPluginManager: Mounting plugin AnimationSharing
LogPluginManager: Mounting plugin CLionSourceCodeAccess
LogPluginManager: Mounting plugin CodeLiteSourceCodeAccess
LogPluginManager: Mounting plugin GitSourceControl
LogPluginManager: Mounting plugin KDevelopSourceCodeAccess
LogPluginManager: Mounting plugin NullSourceCodeAccess
LogPluginManager: Mounting plugin PerforceSourceControl
LogPluginManager: Mounting plugin SubversionSourceControl
LogPluginManager: Mounting plugin UObjectPlugin
LogPluginManager: Mounting plugin VisualStudioCodeSourceCodeAccess
LogPluginManager: Mounting plugin VisualStudioSourceCodeAccess
LogPluginManager: Mounting plugin XCodeSourceCodeAccess
LogPluginManager: Mounting plugin AssetManagerEditor
LogPluginManager: Mounting plugin CryptoKeys
LogPluginManager: Mounting plugin CurveEditorTools
LogPluginManager: Mounting plugin DataValidation
LogPluginManager: Mounting plugin EditorScriptingUtilities
LogPluginManager: Mounting plugin FacialAnimation
LogPluginManager: Mounting plugin GameplayTagsEditor
LogPluginManager: Mounting plugin GLTFImporter
LogPluginManager: Mounting plugin MacGraphicsSwitching
LogPluginManager: Mounting plugin MaterialAnalyzer
LogPluginManager: Mounting plugin MeshEditor
LogPluginManager: Mounting plugin MobileLauncherProfileWizard
LogPluginManager: Mounting plugin PluginBrowser
LogPluginManager: Mounting plugin SpeedTreeImporter
LogPluginManager: Mounting plugin DatasmithContent
LogPluginManager: Mounting plugin VariantManagerContent
LogPluginManager: Mounting plugin AlembicImporter
LogPluginManager: Mounting plugin AutomationUtils
LogPluginManager: Mounting plugin BackChannel
LogPluginManager: Mounting plugin BlastPlugin
LogPluginManager: Mounting plugin ChaosSolverPlugin
LogPluginManager: Mounting plugin CharacterAI
LogPluginManager: Mounting plugin DataPrepEditor
LogPluginManager: Mounting plugin GeometryCache
LogPluginManager: Mounting plugin GeometryCollectionPlugin
LogPluginManager: Mounting plugin HTML5Networking
LogPluginManager: Mounting plugin PlatformCrypto
LogPluginManager: Mounting plugin ProxyLODPlugin
LogPluginManager: Mounting plugin SkeletalReduction
LogPluginManager: Mounting plugin MagicLeap
LogPluginManager: Mounting plugin MagicLeapMedia
LogPluginManager: Mounting plugin AndroidMedia
LogPluginManager: Mounting plugin AvfMedia
LogPluginManager: Mounting plugin ImgMedia
LogPluginManager: Mounting plugin MediaCompositing
LogPluginManager: Mounting plugin MediaPlayerEditor
LogPluginManager: Mounting plugin WebMMedia
LogPluginManager: Mounting plugin WmfMedia
LogPluginManager: Mounting plugin TcpMessaging
LogPluginManager: Mounting plugin UdpMessaging
LogPluginManager: Mounting plugin ActorSequence
LogPluginManager: Mounting plugin LevelSequenceEditor
LogPluginManager: Mounting plugin MatineeToLevelSequence
LogPluginManager: Mounting plugin NetcodeUnitTest
LogPluginManager: Mounting plugin NUTUnrealEngine4
LogPluginManager: Mounting plugin OnlineSubsystemGooglePlay
LogPluginManager: Mounting plugin OnlineSubsystemIOS
LogPluginManager: Mounting plugin OnlineSubsystem
LogPluginManager: Mounting plugin OnlineSubsystemNull
LogPluginManager: Mounting plugin OnlineSubsystemUtils
LogPluginManager: Mounting plugin LauncherChunkInstaller
LogPluginManager: Mounting plugin AndroidDeviceProfileSelector
LogPluginManager: Mounting plugin AndroidMoviePlayer
LogPluginManager: Mounting plugin AndroidPermission
LogPluginManager: Mounting plugin AppleImageUtils
LogPluginManager: Mounting plugin AppleMoviePlayer
LogPluginManager: Mounting plugin ArchVisCharacter
LogPluginManager: Mounting plugin AudioCapture
LogPluginManager: Mounting plugin CableComponent
LogPluginManager: Mounting plugin CustomMeshComponent
LogPluginManager: Mounting plugin EditableMesh
LogPluginManager: Mounting plugin ExampleDeviceProfileSelector
LogPluginManager: Mounting plugin GoogleCloudMessaging
LogPluginManager: Mounting plugin IOSDeviceProfileSelector
LogPluginManager: Mounting plugin LinuxDeviceProfileSelector
LogPluginManager: Mounting plugin LocationServicesBPLibrary
LogPluginManager: Mounting plugin MobilePatchingUtils
LogPluginManager: Mounting plugin OculusVR
LogPluginManager: Mounting plugin PhysXVehicles
LogPluginManager: Mounting plugin ProceduralMeshComponent
LogPluginManager: Mounting plugin RuntimePhysXCooking
LogPluginManager: Mounting plugin SignificanceManager
LogPluginManager: Mounting plugin SteamVR
LogPluginManager: Mounting plugin WebMMoviePlayer
LogPluginManager: Mounting plugin WindowsMoviePlayer
LogPluginManager: Mounting plugin ScreenshotTools
LogPluginManager: Mounting plugin DatasmithC4DImporter
LogPluginManager: Mounting plugin DatasmithCADImporter
LogPluginManager: Mounting plugin DatasmithFBXImporter
LogPluginManager: Mounting plugin DatasmithGLTFImporter
LogPluginManager: Mounting plugin DatasmithIFCImporter
LogPluginManager: Mounting plugin DatasmithImporter
LogPluginManager: Mounting plugin MDLImporter
LogPluginManager: Mounting plugin StaticMeshEditorExtension
LogPluginManager: Mounting plugin VariantManager
LogInit: Using libcurl 7.55.1-DEV
LogInit:  - built for x86_64-pc-win32
LogInit:  - supports SSL with OpenSSL/1.1.1
LogInit:  - supports HTTP deflate (compression) using libz 1.2.8
LogInit:  - other features:
LogInit:      CURL_VERSION_SSL
LogInit:      CURL_VERSION_LIBZ
LogInit:      CURL_VERSION_IPV6
LogInit:      CURL_VERSION_ASYNCHDNS
LogInit:      CURL_VERSION_LARGEFILE
LogInit:      CURL_VERSION_IDN
LogInit:  CurlRequestOptions (configurable via config and command line):
LogInit:  - bVerifyPeer = true  - Libcurl will verify peer certificate
LogInit:  - bUseHttpProxy = false  - Libcurl will NOT use HTTP proxy
LogInit:  - bDontReuseConnections = false  - Libcurl will reuse connections
LogInit:  - MaxHostConnections = 16  - Libcurl will limit the number of connections to a host
LogInit:  - LocalHostAddr = Default
LogInit:  - BufferSize = 65536
LogOnline: OSS: Creating online subsystem instance for: NULL
LogInit: WinSock: version 1.1 (2.2), MaxSocks=32767, MaxUdp=65467
LogInit: Build: ++UE4+Release-4.23-CL-9631420
LogInit: Engine Version: 4.23.1-9631420+++UE4+Release-4.23
LogInit: Compatible Engine Version: 4.23.0-8386587+++UE4+Release-4.23
LogInit: Net CL: 8386587
LogInit: OS: Windows 10 (Release 1809) (), CPU: Intel(R) Core(TM) i7-7700HQ CPU @ 2.80GHz, GPU: Intel(R) HD Graphics 630
LogInit: Compiled (64-bit): Oct 18 2019 02:07:44
LogInit: Compiled with Visual C++: 19.16.27030.01
LogInit: Build Configuration: Development
LogInit: Branch Name: ++UE4+Release-4.23
LogInit: Command Line: 
LogInit: Base Directory: D:/Unreal Engine/UE_4.23/Engine/Binaries/Win64/
LogInit: Installed Engine Build: 1
LogDevObjectVersion: Number of dev versions registered: 23
LogDevObjectVersion:   Dev-Blueprints (B0D832E4-1F89-4F0D-ACCF-7EB736FD4AA2): 10
LogDevObjectVersion:   Dev-Build (E1C64328-A22C-4D53-A36C-8E866417BD8C): 0
LogDevObjectVersion:   Dev-Core (375EC13C-06E4-48FB-B500-84F0262A717E): 3
LogDevObjectVersion:   Dev-Editor (E4B068ED-F494-42E9-A231-DA0B2E46BB41): 34
LogDevObjectVersion:   Dev-Framework (CFFC743F-43B0-4480-9391-14DF171D2073): 35
LogDevObjectVersion:   Dev-Mobile (B02B49B5-BB20-44E9-A304-32B752E40360): 2
LogDevObjectVersion:   Dev-Networking (A4E4105C-59A1-49B5-A7C5-40C4547EDFEE): 0
LogDevObjectVersion:   Dev-Online (39C831C9-5AE6-47DC-9A44-9C173E1C8E7C): 0
LogDevObjectVersion:   Dev-Physics (78F01B33-EBEA-4F98-B9B4-84EACCB95AA2): 0
LogDevObjectVersion:   Dev-Platform (6631380F-2D4D-43E0-8009-CF276956A95A): 0
LogDevObjectVersion:   Dev-Rendering (12F88B9F-8875-4AFC-A67C-D90C383ABD29): 31
LogDevObjectVersion:   Dev-Sequencer (7B5AE74C-D270-4C10-A958-57980B212A5A): 11
LogDevObjectVersion:   Dev-VR (D7296918-1DD6-4BDD-9DE2-64A83CC13884): 2
LogDevObjectVersion:   Dev-LoadTimes (C2A15278-BFE7-4AFE-6C17-90FF531DF755): 1
LogDevObjectVersion:   Private-Geometry (6EACA3D4-40EC-4CC1-B786-8BED09428FC5): 3
LogDevObjectVersion:   Dev-AnimPhys (29E575DD-E0A3-4627-9D10-D276232CDCEA): 17
LogDevObjectVersion:   Dev-Anim (AF43A65D-7FD3-4947-9873-3E8ED9C1BB05): 2
LogDevObjectVersion:   Dev-ReflectionCapture (6B266CEC-1EC7-4B8F-A30B-E4D90942FC07): 1
LogDevObjectVersion:   Dev-Automation (0DF73D61-A23F-47EA-B727-89E90C41499A): 1
LogDevObjectVersion:   FortniteMain (601D1886-AC64-4F84-AA16-D3DE0DEAC7D6): 27
LogDevObjectVersion:   Dev-Enterprise (9DFFBCD6-494F-0158-E221-12823C92A888): 6
LogDevObjectVersion:   Dev-Niagara (F2AED0AC-9AFE-416F-8664-AA7FFA26D6FC): 1
LogDevObjectVersion:   Dev-Destruction (174F1F0B-B4C6-45A5-B13F-2EE8D0FB917D): 9
LogInit: Presizing for max 16777216 objects, including 0 objects not considered by GC, pre-allocating 0 bytes for permanent pool.
LogInit: Object subsystem initialized
LogConfig: Setting CVar [[con.DebugEarlyDefault:1]]
LogConfig: Setting CVar [[r.setres:1280x720]]
[2019.11.05-17.33.40:410][  0]LogConfig: Setting CVar [[r.VSync:0]]
[2019.11.05-17.33.40:410][  0]LogConfig: Setting CVar [[r.RHICmdBypass:0]]
[2019.11.05-17.33.40:410][  0]LogConfig: Applying CVar settings from Section [/Script/Engine.RendererSettings] File [D:/Unreal Project/LastTimeProject/LastTime/Saved/Config/Windows/Engine.ini]
[2019.11.05-17.33.40:410][  0]LogConfig: Setting CVar [[r.GPUCrashDebugging:0]]
[2019.11.05-17.33.40:410][  0]LogConfig: Applying CVar settings from Section [/Script/Engine.RendererOverrideSettings] File [D:/Unreal Project/LastTimeProject/LastTime/Saved/Config/Windows/Engine.ini]
[2019.11.05-17.33.40:410][  0]LogConfig: Applying CVar settings from Section [/Script/Engine.StreamingSettings] File [D:/Unreal Project/LastTimeProject/LastTime/Saved/Config/Windows/Engine.ini]
[2019.11.05-17.33.40:410][  0]LogConfig: Setting CVar [[s.MinBulkDataSizeForAsyncLoading:131072]]
[2019.11.05-17.33.40:410][  0]LogConfig: Setting CVar [[s.AsyncLoadingThreadEnabled:0]]
[2019.11.05-17.33.40:410][  0]LogConfig: Setting CVar [[s.EventDrivenLoaderEnabled:1]]
[2019.11.05-17.33.40:410][  0]LogConfig: Setting CVar [[s.WarnIfTimeLimitExceeded:0]]
[2019.11.05-17.33.40:410][  0]LogConfig: Setting CVar [[s.TimeLimitExceededMultiplier:1.5]]
[2019.11.05-17.33.40:410][  0]LogConfig: Setting CVar [[s.TimeLimitExceededMinTime:0.005]]
[2019.11.05-17.33.40:410][  0]LogConfig: Setting CVar [[s.UseBackgroundLevelStreaming:1]]
[2019.11.05-17.33.40:410][  0]LogConfig: Setting CVar [[s.PriorityAsyncLoadingExtraTime:15.0]]
[2019.11.05-17.33.40:410][  0]LogConfig: Setting CVar [[s.LevelStreamingActorsUpdateTimeLimit:5.0]]
[2019.11.05-17.33.40:410][  0]LogConfig: Setting CVar [[s.PriorityLevelStreamingActorsUpdateExtraTime:5.0]]
[2019.11.05-17.33.40:410][  0]LogConfig: Setting CVar [[s.LevelStreamingComponentsRegistrationGranularity:10]]
[2019.11.05-17.33.40:410][  0]LogConfig: Setting CVar [[s.UnregisterComponentsTimeLimit:1.0]]
[2019.11.05-17.33.40:410][  0]LogConfig: Setting CVar [[s.LevelStreamingComponentsUnregistrationGranularity:5]]
[2019.11.05-17.33.40:410][  0]LogConfig: Applying CVar settings from Section [/Script/Engine.GarbageCollectionSettings] File [D:/Unreal Project/LastTimeProject/LastTime/Saved/Config/Windows/Engine.ini]
[2019.11.05-17.33.40:410][  0]LogConfig: Setting CVar [[gc.MaxObjectsNotConsideredByGC:1]]
[2019.11.05-17.33.40:410][  0]LogConfig: Setting CVar [[gc.SizeOfPermanentObjectPool:0]]
[2019.11.05-17.33.40:410][  0]LogConfig: Setting CVar [[gc.FlushStreamingOnGC:0]]
[2019.11.05-17.33.40:410][  0]LogConfig: Setting CVar [[gc.NumRetriesBeforeForcingGC:10]]
[2019.11.05-17.33.40:410][  0]LogConfig: Setting CVar [[gc.AllowParallelGC:1]]
[2019.11.05-17.33.40:410][  0]LogConfig: Setting CVar [[gc.TimeBetweenPurgingPendingKillObjects:61.1]]
[2019.11.05-17.33.40:410][  0]LogConfig: Setting CVar [[gc.MaxObjectsInEditor:16777216]]
[2019.11.05-17.33.40:410][  0]LogConfig: Setting CVar [[gc.IncrementalBeginDestroyEnabled:1]]
[2019.11.05-17.33.40:410][  0]LogConfig: Setting CVar [[gc.CreateGCClusters:1]]
[2019.11.05-17.33.40:410][  0]LogConfig: Setting CVar [[gc.MinGCClusterSize:5]]
[2019.11.05-17.33.40:410][  0]LogConfig: Setting CVar [[gc.ActorClusteringEnabled:0]]
[2019.11.05-17.33.40:410][  0]LogConfig: Setting CVar [[gc.BlueprintClusteringEnabled:0]]
[2019.11.05-17.33.40:410][  0]LogConfig: Setting CVar [[gc.UseDisregardForGCOnDedicatedServers:0]]
[2019.11.05-17.33.40:410][  0]LogConfig: Applying CVar settings from Section [/Script/Engine.NetworkSettings] File [D:/Unreal Project/LastTimeProject/LastTime/Saved/Config/Windows/Engine.ini]
[2019.11.05-17.33.40:410][  0]LogConfig: Applying CVar settings from Section [/Script/UnrealEd.CookerSettings] File [D:/Unreal Project/LastTimeProject/LastTime/Saved/Config/Windows/Engine.ini]
[2019.11.05-17.33.40:414][  0]LogConfig: Applying CVar settings from Section [ViewDistanceQuality@3] File [D:/Unreal Project/LastTimeProject/LastTime/Saved/Config/Windows/Scalability.ini]
[2019.11.05-17.33.40:414][  0]LogConfig: Setting CVar [[r.SkeletalMeshLODBias:0]]
[2019.11.05-17.33.40:414][  0]LogConfig: Setting CVar [[r.ViewDistanceScale:1.0]]
[2019.11.05-17.33.40:414][  0]LogConfig: Applying CVar settings from Section [AntiAliasingQuality@3] File [D:/Unreal Project/LastTimeProject/LastTime/Saved/Config/Windows/Scalability.ini]
[2019.11.05-17.33.40:414][  0]LogConfig: Setting CVar [[r.PostProcessAAQuality:4]]
[2019.11.05-17.33.40:414][  0]LogConfig: Applying CVar settings from Section [ShadowQuality@3] File [D:/Unreal Project/LastTimeProject/LastTime/Saved/Config/Windows/Scalability.ini]
[2019.11.05-17.33.40:414][  0]LogConfig: Setting CVar [[r.LightFunctionQuality:1]]
[2019.11.05-17.33.40:414][  0]LogConfig: Setting CVar [[r.ShadowQuality:5]]
[2019.11.05-17.33.40:414][  0]LogConfig: Setting CVar [[r.Shadow.CSM.MaxCascades:10]]
[2019.11.05-17.33.40:414][  0]LogConfig: Setting CVar [[r.Shadow.MaxResolution:2048]]
[2019.11.05-17.33.40:414][  0]LogConfig: Setting CVar [[r.Shadow.MaxCSMResolution:2048]]
[2019.11.05-17.33.40:414][  0]LogConfig: Setting CVar [[r.Shadow.RadiusThreshold:0.01]]
[2019.11.05-17.33.40:414][  0]LogConfig: Setting CVar [[r.Shadow.DistanceScale:1.0]]
[2019.11.05-17.33.40:414][  0]LogConfig: Setting CVar [[r.Shadow.CSM.TransitionScale:1.0]]
[2019.11.05-17.33.40:414][  0]LogConfig: Setting CVar [[r.Shadow.PreShadowResolutionFactor:1.0]]
[2019.11.05-17.33.40:414][  0]LogConfig: Setting CVar [[r.DistanceFieldShadowing:1]]
[2019.11.05-17.33.40:414][  0]LogConfig: Setting CVar [[r.DistanceFieldAO:1]]
[2019.11.05-17.33.40:414][  0]LogConfig: Setting CVar [[r.AOQuality:2]]
[2019.11.05-17.33.40:414][  0]LogConfig: Setting CVar [[r.VolumetricFog:1]]
[2019.11.05-17.33.40:414][  0]LogConfig: Setting CVar [[r.VolumetricFog.GridPixelSize:8]]
[2019.11.05-17.33.40:414][  0]LogConfig: Setting CVar [[r.VolumetricFog.GridSizeZ:128]]
[2019.11.05-17.33.40:414][  0]LogConfig: Setting CVar [[r.VolumetricFog.HistoryMissSupersampleCount:4]]
[2019.11.05-17.33.40:414][  0]LogConfig: Setting CVar [[r.LightMaxDrawDistanceScale:1]]
[2019.11.05-17.33.40:414][  0]LogConfig: Setting CVar [[r.CapsuleShadows:1]]
[2019.11.05-17.33.40:414][  0]LogConfig: Applying CVar settings from Section [PostProcessQuality@3] File [D:/Unreal Project/LastTimeProject/LastTime/Saved/Config/Windows/Scalability.ini]
[2019.11.05-17.33.40:414][  0]LogConfig: Setting CVar [[r.MotionBlurQuality:4]]
[2019.11.05-17.33.40:414][  0]LogConfig: Setting CVar [[r.AmbientOcclusionMipLevelFactor:0.4]]
[2019.11.05-17.33.40:414][  0]LogConfig: Setting CVar [[r.AmbientOcclusionMaxQuality:100]]
[2019.11.05-17.33.40:414][  0]LogConfig: Setting CVar [[r.AmbientOcclusionLevels:-1]]
[2019.11.05-17.33.40:414][  0]LogConfig: Setting CVar [[r.AmbientOcclusionRadiusScale:1.0]]
[2019.11.05-17.33.40:414][  0]LogConfig: Setting CVar [[r.DepthOfFieldQuality:2]]
[2019.11.05-17.33.40:414][  0]LogConfig: Setting CVar [[r.RenderTargetPoolMin:400]]
[2019.11.05-17.33.40:414][  0]LogConfig: Setting CVar [[r.LensFlareQuality:2]]
[2019.11.05-17.33.40:414][  0]LogConfig: Setting CVar [[r.SceneColorFringeQuality:1]]
[2019.11.05-17.33.40:414][  0]LogConfig: Setting CVar [[r.EyeAdaptationQuality:2]]
[2019.11.05-17.33.40:414][  0]LogConfig: Setting CVar [[r.BloomQuality:5]]
[2019.11.05-17.33.40:414][  0]LogConfig: Setting CVar [[r.FastBlurThreshold:100]]
[2019.11.05-17.33.40:414][  0]LogConfig: Setting CVar [[r.Upscale.Quality:3]]
[2019.11.05-17.33.40:414][  0]LogConfig: Setting CVar [[r.Tonemapper.GrainQuantization:1]]
[2019.11.05-17.33.40:414][  0]LogConfig: Setting CVar [[r.LightShaftQuality:1]]
[2019.11.05-17.33.40:414][  0]LogConfig: Setting CVar [[r.Filter.SizeScale:1]]
[2019.11.05-17.33.40:414][  0]LogConfig: Setting CVar [[r.Tonemapper.Quality:5]]
[2019.11.05-17.33.40:414][  0]LogConfig: Setting CVar [[r.DOF.Gather.AccumulatorQuality:1        ; higher gathering accumulator quality]]
[2019.11.05-17.33.40:414][  0]LogConfig: Setting CVar [[r.DOF.Gather.PostfilterMethod:1          ; Median3x3 postfilering method]]
[2019.11.05-17.33.40:414][  0]LogConfig: Setting CVar [[r.DOF.Gather.EnableBokehSettings:0       ; no bokeh simulation when gathering]]
[2019.11.05-17.33.40:414][  0]LogConfig: Setting CVar [[r.DOF.Gather.RingCount:4                 ; medium number of samples when gathering]]
[2019.11.05-17.33.40:414][  0]LogConfig: Setting CVar [[r.DOF.Scatter.ForegroundCompositing:1    ; additive foreground scattering]]
[2019.11.05-17.33.40:414][  0]LogConfig: Setting CVar [[r.DOF.Scatter.BackgroundCompositing:2    ; additive background scattering]]
[2019.11.05-17.33.40:414][  0]LogConfig: Setting CVar [[r.DOF.Scatter.EnableBokehSettings:1      ; bokeh simulation when scattering]]
[2019.11.05-17.33.40:414][  0]LogConfig: Setting CVar [[r.DOF.Scatter.MaxSpriteRatio:0.1         ; only a maximum of 10% of scattered bokeh]]
[2019.11.05-17.33.40:414][  0]LogConfig: Setting CVar [[r.DOF.Recombine.Quality:1                ; cheap slight out of focus]]
[2019.11.05-17.33.40:414][  0]LogConfig: Setting CVar [[r.DOF.Recombine.EnableBokehSettings:0    ; no bokeh simulation on slight out of focus]]
[2019.11.05-17.33.40:414][  0]LogConfig: Setting CVar [[r.DOF.TemporalAAQuality:1                ; more stable temporal accumulation]]
[2019.11.05-17.33.40:414][  0]LogConfig: Setting CVar [[r.DOF.Kernel.MaxForegroundRadius:0.025]]
[2019.11.05-17.33.40:414][  0]LogConfig: Setting CVar [[r.DOF.Kernel.MaxBackgroundRadius:0.025]]
[2019.11.05-17.33.40:414][  0]LogConfig: Applying CVar settings from Section [TextureQuality@3] File [D:/Unreal Project/LastTimeProject/LastTime/Saved/Config/Windows/Scalability.ini]
[2019.11.05-17.33.40:414][  0]LogConfig: Setting CVar [[r.Streaming.MipBias:0]]
[2019.11.05-17.33.40:414][  0]LogConfig: Setting CVar [[r.Streaming.AmortizeCPUToGPUCopy:0]]
[2019.11.05-17.33.40:414][  0]LogConfig: Setting CVar [[r.Streaming.MaxNumTexturesToStreamPerFrame:0]]
[2019.11.05-17.33.40:414][  0]LogConfig: Setting CVar [[r.Streaming.Boost:1]]
[2019.11.05-17.33.40:414][  0]LogConfig: Setting CVar [[r.MaxAnisotropy:8]]
[2019.11.05-17.33.40:414][  0]LogConfig: Setting CVar [[r.Streaming.LimitPoolSizeToVRAM:0]]
[2019.11.05-17.33.40:414][  0]LogConfig: Setting CVar [[r.Streaming.PoolSize:1000]]
[2019.11.05-17.33.40:414][  0]LogConfig: Setting CVar [[r.Streaming.MaxEffectiveScreenSize:0]]
[2019.11.05-17.33.40:414][  0]LogConfig: Applying CVar settings from Section [EffectsQuality@3] File [D:/Unreal Project/LastTimeProject/LastTime/Saved/Config/Windows/Scalability.ini]
[2019.11.05-17.33.40:414][  0]LogConfig: Setting CVar [[r.TranslucencyLightingVolumeDim:64]]
[2019.11.05-17.33.40:414][  0]LogConfig: Setting CVar [[r.RefractionQuality:2]]
[2019.11.05-17.33.40:414][  0]LogConfig: Setting CVar [[r.SSR.Quality:3]]
[2019.11.05-17.33.40:415][  0]LogConfig: Setting CVar [[r.SceneColorFormat:4]]
[2019.11.05-17.33.40:415][  0]LogConfig: Setting CVar [[r.DetailMode:2]]
[2019.11.05-17.33.40:415][  0]LogConfig: Setting CVar [[r.TranslucencyVolumeBlur:1]]
[2019.11.05-17.33.40:415][  0]LogConfig: Setting CVar [[r.MaterialQualityLevel:1 ; High quality]]
[2019.11.05-17.33.40:415][  0]LogConfig: Setting CVar [[r.SSS.Scale:1]]
[2019.11.05-17.33.40:415][  0]LogConfig: Setting CVar [[r.SSS.SampleSet:2]]
[2019.11.05-17.33.40:415][  0]LogConfig: Setting CVar [[r.SSS.Quality:1]]
[2019.11.05-17.33.40:415][  0]LogConfig: Setting CVar [[r.SSS.HalfRes:1]]
[2019.11.05-17.33.40:415][  0]LogConfig: Setting CVar [[r.EmitterSpawnRateScale:1.0]]
[2019.11.05-17.33.40:415][  0]LogConfig: Setting CVar [[r.ParticleLightQuality:2]]
[2019.11.05-17.33.40:415][  0]LogConfig: Applying CVar settings from Section [FoliageQuality@3] File [D:/Unreal Project/LastTimeProject/LastTime/Saved/Config/Windows/Scalability.ini]
[2019.11.05-17.33.40:415][  0]LogConfig: Setting CVar [[foliage.DensityScale:1.0]]
[2019.11.05-17.33.40:415][  0]LogConfig: Setting CVar [[grass.DensityScale:1.0]]
[2019.11.05-17.33.40:415][  0]LogInit: Selected Device Profile: [Windows]
[2019.11.05-17.33.40:415][  0]LogInit: Applying CVar settings loaded from the selected device profile: [Windows]
[2019.11.05-17.33.40:417][  0]LogHAL: Display: Platform has ~ 16 GB [17057812480 / 17179869184 / 16], which maps to Larger [LargestMinGB=32, LargerMinGB=12, DefaultMinGB=8, SmallerMinGB=6, SmallestMinGB=0)
[2019.11.05-17.33.40:417][  0]LogInit: Going up to parent DeviceProfile []
[2019.11.05-17.33.40:417][  0]LogConfig: Applying CVar settings from Section [ViewDistanceQuality@3] File [D:/Unreal Project/LastTimeProject/LastTime/Saved/Config/Windows/Scalability.ini]
[2019.11.05-17.33.40:417][  0]LogConfig: Setting CVar [[r.SkeletalMeshLODBias:0]]
[2019.11.05-17.33.40:417][  0]LogConfig: Setting CVar [[r.ViewDistanceScale:1.0]]
[2019.11.05-17.33.40:417][  0]LogConfig: Applying CVar settings from Section [AntiAliasingQuality@3] File [D:/Unreal Project/LastTimeProject/LastTime/Saved/Config/Windows/Scalability.ini]
[2019.11.05-17.33.40:417][  0]LogConfig: Setting CVar [[r.PostProcessAAQuality:4]]
[2019.11.05-17.33.40:417][  0]LogConfig: Applying CVar settings from Section [ShadowQuality@3] File [D:/Unreal Project/LastTimeProject/LastTime/Saved/Config/Windows/Scalability.ini]
[2019.11.05-17.33.40:417][  0]LogConfig: Setting CVar [[r.LightFunctionQuality:1]]
[2019.11.05-17.33.40:417][  0]LogConfig: Setting CVar [[r.ShadowQuality:5]]
[2019.11.05-17.33.40:417][  0]LogConfig: Setting CVar [[r.Shadow.CSM.MaxCascades:10]]
[2019.11.05-17.33.40:417][  0]LogConfig: Setting CVar [[r.Shadow.MaxResolution:2048]]
[2019.11.05-17.33.40:417][  0]LogConfig: Setting CVar [[r.Shadow.MaxCSMResolution:2048]]
[2019.11.05-17.33.40:417][  0]LogConfig: Setting CVar [[r.Shadow.RadiusThreshold:0.01]]
[2019.11.05-17.33.40:417][  0]LogConfig: Setting CVar [[r.Shadow.DistanceScale:1.0]]
[2019.11.05-17.33.40:418][  0]LogConfig: Setting CVar [[r.Shadow.CSM.TransitionScale:1.0]]
[2019.11.05-17.33.40:418][  0]LogConfig: Setting CVar [[r.Shadow.PreShadowResolutionFactor:1.0]]
[2019.11.05-17.33.40:418][  0]LogConfig: Setting CVar [[r.DistanceFieldShadowing:1]]
[2019.11.05-17.33.40:418][  0]LogConfig: Setting CVar [[r.DistanceFieldAO:1]]
[2019.11.05-17.33.40:418][  0]LogConfig: Setting CVar [[r.AOQuality:2]]
[2019.11.05-17.33.40:418][  0]LogConfig: Setting CVar [[r.VolumetricFog:1]]
[2019.11.05-17.33.40:418][  0]LogConfig: Setting CVar [[r.VolumetricFog.GridPixelSize:8]]
[2019.11.05-17.33.40:418][  0]LogConfig: Setting CVar [[r.VolumetricFog.GridSizeZ:128]]
[2019.11.05-17.33.40:418][  0]LogConfig: Setting CVar [[r.VolumetricFog.HistoryMissSupersampleCount:4]]
[2019.11.05-17.33.40:418][  0]LogConfig: Setting CVar [[r.LightMaxDrawDistanceScale:1]]
[2019.11.05-17.33.40:418][  0]LogConfig: Setting CVar [[r.CapsuleShadows:1]]
[2019.11.05-17.33.40:418][  0]LogConfig: Applying CVar settings from Section [PostProcessQuality@3] File [D:/Unreal Project/LastTimeProject/LastTime/Saved/Config/Windows/Scalability.ini]
[2019.11.05-17.33.40:418][  0]LogConfig: Setting CVar [[r.MotionBlurQuality:4]]
[2019.11.05-17.33.40:418][  0]LogConfig: Setting CVar [[r.AmbientOcclusionMipLevelFactor:0.4]]
[2019.11.05-17.33.40:418][  0]LogConfig: Setting CVar [[r.AmbientOcclusionMaxQuality:100]]
[2019.11.05-17.33.40:418][  0]LogConfig: Setting CVar [[r.AmbientOcclusionLevels:-1]]
[2019.11.05-17.33.40:418][  0]LogConfig: Setting CVar [[r.AmbientOcclusionRadiusScale:1.0]]
[2019.11.05-17.33.40:418][  0]LogConfig: Setting CVar [[r.DepthOfFieldQuality:2]]
[2019.11.05-17.33.40:418][  0]LogConfig: Setting CVar [[r.RenderTargetPoolMin:400]]
[2019.11.05-17.33.40:418][  0]LogConfig: Setting CVar [[r.LensFlareQuality:2]]
[2019.11.05-17.33.40:418][  0]LogConfig: Setting CVar [[r.SceneColorFringeQuality:1]]
[2019.11.05-17.33.40:418][  0]LogConfig: Setting CVar [[r.EyeAdaptationQuality:2]]
[2019.11.05-17.33.40:418][  0]LogConfig: Setting CVar [[r.BloomQuality:5]]
[2019.11.05-17.33.40:418][  0]LogConfig: Setting CVar [[r.FastBlurThreshold:100]]
[2019.11.05-17.33.40:418][  0]LogConfig: Setting CVar [[r.Upscale.Quality:3]]
[2019.11.05-17.33.40:418][  0]LogConfig: Setting CVar [[r.Tonemapper.GrainQuantization:1]]
[2019.11.05-17.33.40:418][  0]LogConfig: Setting CVar [[r.LightShaftQuality:1]]
[2019.11.05-17.33.40:418][  0]LogConfig: Setting CVar [[r.Filter.SizeScale:1]]
[2019.11.05-17.33.40:418][  0]LogConfig: Setting CVar [[r.Tonemapper.Quality:5]]
[2019.11.05-17.33.40:418][  0]LogConfig: Setting CVar [[r.DOF.Gather.AccumulatorQuality:1        ; higher gathering accumulator quality]]
[2019.11.05-17.33.40:418][  0]LogConfig: Setting CVar [[r.DOF.Gather.PostfilterMethod:1          ; Median3x3 postfilering method]]
[2019.11.05-17.33.40:418][  0]LogConfig: Setting CVar [[r.DOF.Gather.EnableBokehSettings:0       ; no bokeh simulation when gathering]]
[2019.11.05-17.33.40:418][  0]LogConfig: Setting CVar [[r.DOF.Gather.RingCount:4                 ; medium number of samples when gathering]]
[2019.11.05-17.33.40:418][  0]LogConfig: Setting CVar [[r.DOF.Scatter.ForegroundCompositing:1    ; additive foreground scattering]]
[2019.11.05-17.33.40:418][  0]LogConfig: Setting CVar [[r.DOF.Scatter.BackgroundCompositing:2    ; additive background scattering]]
[2019.11.05-17.33.40:418][  0]LogConfig: Setting CVar [[r.DOF.Scatter.EnableBokehSettings:1      ; bokeh simulation when scattering]]
[2019.11.05-17.33.40:418][  0]LogConfig: Setting CVar [[r.DOF.Scatter.MaxSpriteRatio:0.1         ; only a maximum of 10% of scattered bokeh]]
[2019.11.05-17.33.40:418][  0]LogConfig: Setting CVar [[r.DOF.Recombine.Quality:1                ; cheap slight out of focus]]
[2019.11.05-17.33.40:418][  0]LogConfig: Setting CVar [[r.DOF.Recombine.EnableBokehSettings:0    ; no bokeh simulation on slight out of focus]]
[2019.11.05-17.33.40:418][  0]LogConfig: Setting CVar [[r.DOF.TemporalAAQuality:1                ; more stable temporal accumulation]]
[2019.11.05-17.33.40:418][  0]LogConfig: Setting CVar [[r.DOF.Kernel.MaxForegroundRadius:0.025]]
[2019.11.05-17.33.40:418][  0]LogConfig: Setting CVar [[r.DOF.Kernel.MaxBackgroundRadius:0.025]]
[2019.11.05-17.33.40:418][  0]LogConfig: Applying CVar settings from Section [TextureQuality@3] File [D:/Unreal Project/LastTimeProject/LastTime/Saved/Config/Windows/Scalability.ini]
[2019.11.05-17.33.40:418][  0]LogConfig: Setting CVar [[r.Streaming.MipBias:0]]
[2019.11.05-17.33.40:418][  0]LogConfig: Setting CVar [[r.Streaming.AmortizeCPUToGPUCopy:0]]
[2019.11.05-17.33.40:418][  0]LogConfig: Setting CVar [[r.Streaming.MaxNumTexturesToStreamPerFrame:0]]
[2019.11.05-17.33.40:418][  0]LogConfig: Setting CVar [[r.Streaming.Boost:1]]
[2019.11.05-17.33.40:418][  0]LogConfig: Setting CVar [[r.MaxAnisotropy:8]]
[2019.11.05-17.33.40:418][  0]LogConfig: Setting CVar [[r.Streaming.LimitPoolSizeToVRAM:0]]
[2019.11.05-17.33.40:418][  0]LogConfig: Setting CVar [[r.Streaming.PoolSize:1000]]
[2019.11.05-17.33.40:418][  0]LogConfig: Setting CVar [[r.Streaming.MaxEffectiveScreenSize:0]]
[2019.11.05-17.33.40:418][  0]LogConfig: Applying CVar settings from Section [EffectsQuality@3] File [D:/Unreal Project/LastTimeProject/LastTime/Saved/Config/Windows/Scalability.ini]
[2019.11.05-17.33.40:418][  0]LogConfig: Setting CVar [[r.TranslucencyLightingVolumeDim:64]]
[2019.11.05-17.33.40:418][  0]LogConfig: Setting CVar [[r.RefractionQuality:2]]
[2019.11.05-17.33.40:418][  0]LogConfig: Setting CVar [[r.SSR.Quality:3]]
[2019.11.05-17.33.40:418][  0]LogConfig: Setting CVar [[r.SceneColorFormat:4]]
[2019.11.05-17.33.40:418][  0]LogConfig: Setting CVar [[r.DetailMode:2]]
[2019.11.05-17.33.40:418][  0]LogConfig: Setting CVar [[r.TranslucencyVolumeBlur:1]]
[2019.11.05-17.33.40:418][  0]LogConfig: Setting CVar [[r.MaterialQualityLevel:1 ; High quality]]
[2019.11.05-17.33.40:418][  0]LogConfig: Setting CVar [[r.SSS.Scale:1]]
[2019.11.05-17.33.40:418][  0]LogConfig: Setting CVar [[r.SSS.SampleSet:2]]
[2019.11.05-17.33.40:418][  0]LogConfig: Setting CVar [[r.SSS.Quality:1]]
[2019.11.05-17.33.40:418][  0]LogConfig: Setting CVar [[r.SSS.HalfRes:1]]
[2019.11.05-17.33.40:418][  0]LogConfig: Setting CVar [[r.EmitterSpawnRateScale:1.0]]
[2019.11.05-17.33.40:418][  0]LogConfig: Setting CVar [[r.ParticleLightQuality:2]]
[2019.11.05-17.33.40:418][  0]LogConfig: Applying CVar settings from Section [FoliageQuality@3] File [D:/Unreal Project/LastTimeProject/LastTime/Saved/Config/Windows/Scalability.ini]
[2019.11.05-17.33.40:418][  0]LogConfig: Setting CVar [[foliage.DensityScale:1.0]]
[2019.11.05-17.33.40:418][  0]LogConfig: Setting CVar [[grass.DensityScale:1.0]]
[2019.11.05-17.33.40:418][  0]LogConfig: Applying CVar settings from Section [Startup] File [../../../Engine/Config/ConsoleVariables.ini]
[2019.11.05-17.33.40:419][  0]LogConfig: Setting CVar [[net.UseAdaptiveNetUpdateFrequency:0]]
[2019.11.05-17.33.40:419][  0]LogConfig: Setting CVar [[p.chaos.AllowCreatePhysxBodies:1]]
[2019.11.05-17.33.40:419][  0]LogConfig: Applying CVar settings from Section [ConsoleVariables] File [D:/Unreal Project/LastTimeProject/LastTime/Saved/Config/Windows/Engine.ini]
[2019.11.05-17.33.40:419][  0]LogInit: Computer: LAPTOP-9S3SR2BF
[2019.11.05-17.33.40:419][  0]LogInit: User: Marcus
[2019.11.05-17.33.40:419][  0]LogInit: CPU Page size=4096, Cores=4
[2019.11.05-17.33.40:419][  0]LogInit: High frequency timer resolution =10.000000 MHz
[2019.11.05-17.33.40:419][  0]LogMemory: Memory total: Physical=15.9GB (16GB approx)
[2019.11.05-17.33.40:419][  0]LogMemory: Platform Memory Stats for Windows
[2019.11.05-17.33.40:419][  0]LogMemory: Process Physical Memory: 103.21 MB used, 103.21 MB peak
[2019.11.05-17.33.40:419][  0]LogMemory: Process Virtual Memory: 101.45 MB used, 101.45 MB peak
[2019.11.05-17.33.40:419][  0]LogMemory: Physical Memory: 9390.80 MB used,  6876.79 MB free, 16267.60 MB total
[2019.11.05-17.33.40:419][  0]LogMemory: Virtual Memory: 4691.54 MB used,  134213040.00 MB free, 134217728.00 MB total
[2019.11.05-17.33.40:423][  0]LogWindows: WindowsPlatformFeatures enabled
[2019.11.05-17.33.40:448][  0]LogInit: Using OS detected language (en-US).
[2019.11.05-17.33.40:448][  0]LogInit: Using OS detected locale (en-US).
[2019.11.05-17.33.40:449][  0]LogTextLocalizationManager: No specific localization for 'en-US' exists, so the 'en' localization will be used.
[2019.11.05-17.33.40:614][  0]LogInit: Setting process to per monitor DPI aware
[2019.11.05-17.33.40:651][  0]LogSlate: New Slate User Created.  User Index 0, Is Virtual User: 0
[2019.11.05-17.33.40:651][  0]LogSlate: Slate User Registered.  User Index 0, Is Virtual User: 0
[2019.11.05-17.33.40:905][  0]LogHMD: Failed to initialize OpenVR with code 110
[2019.11.05-17.33.40:905][  0]LogD3D11RHI: D3D11 adapters:
[2019.11.05-17.33.40:985][  0]LogD3D11RHI:    0. 'NVIDIA GeForce GTX 1060' (Feature Level 11_0)
[2019.11.05-17.33.40:985][  0]LogD3D11RHI:       6061/0/8133 MB DedicatedVideo/DedicatedSystem/SharedSystem, Outputs:1, VendorId:0x10de
[2019.11.05-17.33.40:997][  0]LogD3D11RHI:    1. 'Intel(R) HD Graphics 630' (Feature Level 11_0)
[2019.11.05-17.33.40:997][  0]LogD3D11RHI:       128/0/8133 MB DedicatedVideo/DedicatedSystem/SharedSystem, Outputs:0, VendorId:0x8086
[2019.11.05-17.33.40:999][  0]LogD3D11RHI:    2. 'Microsoft Basic Render Driver' (Feature Level 11_0)
[2019.11.05-17.33.40:999][  0]LogD3D11RHI:       0/0/8133 MB DedicatedVideo/DedicatedSystem/SharedSystem, Outputs:0, VendorId:0x1414
[2019.11.05-17.33.40:999][  0]LogD3D11RHI: Chosen D3D11 Adapter: 0
[2019.11.05-17.33.41:038][  0]LogD3D11RHI: Creating new Direct3DDevice
[2019.11.05-17.33.41:038][  0]LogD3D11RHI:     GPU DeviceId: 0x1c20 (for the marketing name, search the web for "GPU Device Id")
[2019.11.05-17.33.41:038][  0]LogWindows: EnumDisplayDevices:
[2019.11.05-17.33.41:039][  0]LogWindows:    0. 'Intel(R) HD Graphics 630' (P:1 D:1)
[2019.11.05-17.33.41:039][  0]LogWindows:    1. 'Intel(R) HD Graphics 630' (P:0 D:0)
[2019.11.05-17.33.41:040][  0]LogWindows:    2. 'Intel(R) HD Graphics 630' (P:0 D:0)
[2019.11.05-17.33.41:040][  0]LogWindows:    3. 'NVIDIA GeForce GTX 1060' (P:0 D:0)
[2019.11.05-17.33.41:041][  0]LogWindows:    4. 'NVIDIA GeForce GTX 1060' (P:0 D:0)
[2019.11.05-17.33.41:041][  0]LogWindows:    5. 'NVIDIA GeForce GTX 1060' (P:0 D:0)
[2019.11.05-17.33.41:041][  0]LogWindows:    6. 'NVIDIA GeForce GTX 1060' (P:0 D:0)
[2019.11.05-17.33.41:042][  0]LogWindows: DebugString: PrimaryIsNotTheChoosenAdapter PrimaryIsNotTheChoosenAdapter PrimaryIsNotTheChoosenAdapter FoundDriverCount:4 
[2019.11.05-17.33.41:042][  0]LogD3D11RHI:     Adapter Name: NVIDIA GeForce GTX 1060
[2019.11.05-17.33.41:042][  0]LogD3D11RHI:   Driver Version: 388.16 (internal:23.21.13.8816, unified:388.16)
[2019.11.05-17.33.41:042][  0]LogD3D11RHI:      Driver Date: 10-30-2017
[2019.11.05-17.33.41:042][  0]LogRHI: Texture pool is 4242 MB (70% of 6061 MB)
[2019.11.05-17.33.41:078][  0]LogD3D11RHI: Async texture creation enabled
[2019.11.05-17.33.41:090][  0]LogD3D11RHI: GPU Timing Frequency: 1000.000000 (Debug: 2 1)
[2019.11.05-17.33.41:460][  0]LogTemp: Display: Module 'AllDesktopTargetPlatform' loaded TargetPlatform 'AllDesktop'
[2019.11.05-17.33.41:468][  0]LogTemp: Display: Module 'MacClientTargetPlatform' loaded TargetPlatform 'MacClient'
[2019.11.05-17.33.41:475][  0]LogTemp: Display: Module 'MacNoEditorTargetPlatform' loaded TargetPlatform 'MacNoEditor'
[2019.11.05-17.33.41:483][  0]LogTemp: Display: Module 'MacServerTargetPlatform' loaded TargetPlatform 'MacServer'
[2019.11.05-17.33.41:491][  0]LogTemp: Display: Module 'MacTargetPlatform' loaded TargetPlatform 'Mac'
[2019.11.05-17.33.41:499][  0]LogTemp: Display: Module 'WindowsClientTargetPlatform' loaded TargetPlatform 'WindowsClient'
[2019.11.05-17.33.41:507][  0]LogTemp: Display: Module 'WindowsNoEditorTargetPlatform' loaded TargetPlatform 'WindowsNoEditor'
[2019.11.05-17.33.41:514][  0]LogTemp: Display: Module 'WindowsServerTargetPlatform' loaded TargetPlatform 'WindowsServer'
[2019.11.05-17.33.41:519][  0]LogTemp: Display: Module 'WindowsTargetPlatform' loaded TargetPlatform 'Windows'
[2019.11.05-17.33.41:550][  0]LogTemp: Display: Module 'AndroidTargetPlatform' loaded TargetPlatform 'Android'
[2019.11.05-17.33.41:550][  0]LogTemp: Display: Module 'AndroidTargetPlatform' loaded TargetPlatform 'Android_ASTC'
[2019.11.05-17.33.41:550][  0]LogTemp: Display: Module 'AndroidTargetPlatform' loaded TargetPlatform 'Android_ATC'
[2019.11.05-17.33.41:550][  0]LogTemp: Display: Module 'AndroidTargetPlatform' loaded TargetPlatform 'Android_DXT'
[2019.11.05-17.33.41:550][  0]LogTemp: Display: Module 'AndroidTargetPlatform' loaded TargetPlatform 'Android_ETC1'
[2019.11.05-17.33.41:550][  0]LogTemp: Display: Module 'AndroidTargetPlatform' loaded TargetPlatform 'Android_ETC1a'
[2019.11.05-17.33.41:550][  0]LogTemp: Display: Module 'AndroidTargetPlatform' loaded TargetPlatform 'Android_ETC2'
[2019.11.05-17.33.41:550][  0]LogTemp: Display: Module 'AndroidTargetPlatform' loaded TargetPlatform 'Android_PVRTC'
[2019.11.05-17.33.41:550][  0]LogTemp: Display: Module 'AndroidTargetPlatform' loaded TargetPlatform 'AndroidClient'
[2019.11.05-17.33.41:550][  0]LogTemp: Display: Module 'AndroidTargetPlatform' loaded TargetPlatform 'Android_ASTCClient'
[2019.11.05-17.33.41:550][  0]LogTemp: Display: Module 'AndroidTargetPlatform' loaded TargetPlatform 'Android_ATCClient'
[2019.11.05-17.33.41:550][  0]LogTemp: Display: Module 'AndroidTargetPlatform' loaded TargetPlatform 'Android_DXTClient'
[2019.11.05-17.33.41:550][  0]LogTemp: Display: Module 'AndroidTargetPlatform' loaded TargetPlatform 'Android_ETC1Client'
[2019.11.05-17.33.41:550][  0]LogTemp: Display: Module 'AndroidTargetPlatform' loaded TargetPlatform 'Android_ETC1aClient'
[2019.11.05-17.33.41:550][  0]LogTemp: Display: Module 'AndroidTargetPlatform' loaded TargetPlatform 'Android_ETC2Client'
[2019.11.05-17.33.41:550][  0]LogTemp: Display: Module 'AndroidTargetPlatform' loaded TargetPlatform 'Android_PVRTCClient'
[2019.11.05-17.33.41:550][  0]LogTemp: Display: Module 'AndroidTargetPlatform' loaded TargetPlatform 'Android_Multi'
[2019.11.05-17.33.41:550][  0]LogTemp: Display: Module 'AndroidTargetPlatform' loaded TargetPlatform 'Android_MultiClient'
[2019.11.05-17.33.41:552][  0]LogTemp: Display: Module 'HTML5TargetPlatform' loaded TargetPlatform 'HTML5'
[2019.11.05-17.33.41:568][  0]LogTemp: Display: Module 'IOSTargetPlatform' loaded TargetPlatform 'IOSClient'
[2019.11.05-17.33.41:568][  0]LogTemp: Display: Module 'IOSTargetPlatform' loaded TargetPlatform 'IOS'
[2019.11.05-17.33.41:582][  0]LogTemp: Display: Module 'TVOSTargetPlatform' loaded TargetPlatform 'TVOSClient'
[2019.11.05-17.33.41:582][  0]LogTemp: Display: Module 'TVOSTargetPlatform' loaded TargetPlatform 'TVOS'
[2019.11.05-17.33.41:589][  0]LogTemp: Display: Module 'LinuxClientTargetPlatform' loaded TargetPlatform 'LinuxClient'
[2019.11.05-17.33.41:595][  0]LogTemp: Display: Module 'LinuxNoEditorTargetPlatform' loaded TargetPlatform 'LinuxNoEditor'
[2019.11.05-17.33.41:602][  0]LogTemp: Display: Module 'LinuxServerTargetPlatform' loaded TargetPlatform 'LinuxServer'
[2019.11.05-17.33.41:609][  0]LogTemp: Display: Module 'LinuxTargetPlatform' loaded TargetPlatform 'Linux'
[2019.11.05-17.33.41:633][  0]LogTemp: Display: Module 'LuminTargetPlatform' loaded TargetPlatform 'Lumin'
[2019.11.05-17.33.41:633][  0]LogTemp: Display: Module 'LuminTargetPlatform' loaded TargetPlatform 'LuminClient'
[2019.11.05-17.33.41:633][  0]LogTargetPlatformManager: Display: Building Assets For Windows
[2019.11.05-17.33.41:641][  0]LogAudioDebug: Display: Lib vorbis DLL was dynamically loaded.
[2019.11.05-17.33.41:682][  0]LogShaderCompilers: Guid format shader working directory is -7 characters bigger than the processId version (../../../../../Unreal Project/LastTimeProject/LastTime/Intermediate/Shaders/WorkingDirectory/9424/).
[2019.11.05-17.33.41:682][  0]LogShaderCompilers: Cleaned the shader compiler working directory 'C:/Users/Marcus/AppData/Local/Temp/UnrealShaderWorkingDir/0E01136344B287026805DB9EB6CC3DDF/'.
[2019.11.05-17.33.41:684][  0]LogXGEController: Cannot use XGE Controller as Incredibuild is not installed on this machine.
[2019.11.05-17.33.41:684][  0]LogShaderCompilers: Cannot use XGE Shader Compiler as Incredibuild is not installed on this machine.
[2019.11.05-17.33.41:684][  0]LogShaderCompilers: Display: Using Local Shader Compiler.
[2019.11.05-17.33.42:351][  0]LogDerivedDataCache: Display: Max Cache Size: 512 MB
[2019.11.05-17.33.42:405][  0]LogDerivedDataCache: Loaded boot cache 0.05s 78MB C:/Users/Marcus/AppData/Local/UnrealEngine/4.23/DerivedDataCache/Boot.ddc.
[2019.11.05-17.33.42:405][  0]LogDerivedDataCache: Display: Loaded Boot cache: C:/Users/Marcus/AppData/Local/UnrealEngine/4.23/DerivedDataCache/Boot.ddc
[2019.11.05-17.33.42:405][  0]LogDerivedDataCache: FDerivedDataBackendGraph:  Pak pak cache file ../../../../../Unreal Project/LastTimeProject/LastTime/DerivedDataCache/DDC.ddp not found, will not use a pak cache.
[2019.11.05-17.33.42:405][  0]LogDerivedDataCache: Unable to find inner node Pak for hierarchical cache Hierarchy.
[2019.11.05-17.33.42:405][  0]LogDerivedDataCache: FDerivedDataBackendGraph:  CompressedPak pak cache file ../../../../../Unreal Project/LastTimeProject/LastTime/DerivedDataCache/Compressed.ddp not found, will not use a pak cache.
[2019.11.05-17.33.42:405][  0]LogDerivedDataCache: Unable to find inner node CompressedPak for hierarchical cache Hierarchy.
[2019.11.05-17.33.42:416][  0]LogDerivedDataCache: Display: Pak cache opened for reading ../../../Engine/DerivedDataCache/Compressed.ddp.
[2019.11.05-17.33.42:418][  0]LogDerivedDataCache: Display: Pak cache opened for reading ../../../Enterprise/DerivedDataCache/Compressed.ddp.
[2019.11.05-17.33.42:420][  0]LogDerivedDataCache: Using Local data cache path C:/Users/Marcus/AppData/Local/UnrealEngine/Common/DerivedDataCache: Writable
[2019.11.05-17.33.42:420][  0]LogDerivedDataCache: Shared data cache path not found in *engine.ini, will not use an Shared cache.
[2019.11.05-17.33.42:420][  0]LogDerivedDataCache: Unable to find inner node Shared for hierarchical cache Hierarchy.
[2019.11.05-17.33.42:442][  0]LogMaterial: Verifying Global Shaders for PCD3D_SM5
[2019.11.05-17.33.42:444][  0]LogSlate: Using FreeType 2.6.0
[2019.11.05-17.33.42:445][  0]LogSlate: SlateFontServices - WITH_FREETYPE: 1, WITH_HARFBUZZ: 1
[2019.11.05-17.33.42:510][  0]LogAssetRegistry: FAssetRegistry took 0.0030 seconds to start up
[2019.11.05-17.33.42:778][  0]LogInit: Selected Device Profile: [Windows]
[2019.11.05-17.33.42:930][  0]LogMeshReduction: Using QuadricMeshReduction for automatic static mesh reduction
[2019.11.05-17.33.42:930][  0]LogMeshReduction: Using SimplygonMeshReduction for automatic skeletal mesh reduction
[2019.11.05-17.33.42:930][  0]LogMeshReduction: Using ProxyLODMeshReduction for automatic mesh merging
[2019.11.05-17.33.42:930][  0]LogMeshReduction: No distributed automatic mesh merging module available
[2019.11.05-17.33.42:930][  0]LogMeshMerging: No distributed automatic mesh merging module available
[2019.11.05-17.33.42:943][  0]LogNetVersion: LastTime 1.0.0, NetCL: 8386587, EngineNetVer: 11, GameNetVer: 0 (Checksum: 207992790)
[2019.11.05-17.33.43:429][  0]LogPackageLocalizationCache: Processed 18 localized package path(s) for 1 prioritized culture(s) in 0.071200 seconds
[2019.11.05-17.33.43:436][  0]LogUObjectArray: 43444 objects as part of root set at end of initial load.
[2019.11.05-17.33.43:436][  0]LogUObjectAllocator: 7548648 out of 0 bytes used by permanent object pool.
[2019.11.05-17.33.43:436][  0]LogUObjectArray: CloseDisregardForGC: 0/0 objects in disregard for GC pool
[2019.11.05-17.33.44:354][  0]LogTcpMessaging: Initializing TcpMessaging bridge
[2019.11.05-17.33.44:357][  0]LogUdpMessaging: Initializing bridge on interface 0.0.0.0:0 to multicast group 230.0.0.1:6666.
[2019.11.05-17.33.45:617][  0]SourceControl: Source control is disabled
[2019.11.05-17.33.45:617][  0]SourceControl: Source control is disabled
[2019.11.05-17.33.45:618][  0]SourceControl: Source control is disabled
[2019.11.05-17.33.45:620][  0]SourceControl: Source control is disabled
[2019.11.05-17.33.46:720][  0]LogAndroidPermission: UAndroidPermissionCallbackProxy::GetInstance
[2019.11.05-17.33.46:835][  0]LogOcInput: OculusInput pre-init called
[2019.11.05-17.33.46:841][  0]LogWindows: Failed to load 'OVRPlugin.dll' (GetLastError=126)
[2019.11.05-17.33.46:841][  0]LogWindows: File 'OVRPlugin.dll' does not exist
[2019.11.05-17.33.56:318][  0]LogEngine: Initializing Engine...
[2019.11.05-17.33.56:319][  0]LogHMD: Failed to initialize OpenVR with code 110
[2019.11.05-17.33.56:320][  0]LogStats: UGameplayTagsManager::InitializeManager -  0.000 s
[2019.11.05-17.33.56:627][  0]LogInit: Initializing FReadOnlyCVARCache
[2019.11.05-17.33.56:638][  0]LogAIModule: Creating AISystem for world Untitled
[2019.11.05-17.33.56:661][  0]LogInit: XAudio2 using 'Speakers (Realtek High Definition Audio(SST))' : 2 channels at 48 kHz using 32 bits per sample (channel mask 0x3)
[2019.11.05-17.33.56:703][  0]LogInit: FAudioDevice initialized.
[2019.11.05-17.33.56:703][  0]LogNetVersion: Set ProjectVersion to 1.0.0.0. Version Checksum will be recalculated on next use.
[2019.11.05-17.33.56:778][  0]LogDerivedDataCache: Saved boot cache 0.07s 78MB C:/Users/Marcus/AppData/Local/UnrealEngine/4.23/DerivedDataCache/Boot.ddc.
[2019.11.05-17.33.56:778][  0]LogInit: Texture streaming: Enabled
[2019.11.05-17.33.56:796][  0]LogEngineSessionManager: EngineSessionManager initialized
[2019.11.05-17.33.56:796][  0]LogEditorSessionSummary: Verbose: Initializing EditorSessionSummaryWriter for editor session tracking
[2019.11.05-17.33.56:799][  0]LogEditorSessionSummary: EditorSessionSummaryWriter initialized
[2019.11.05-17.33.56:844][  0]LogInit: Transaction tracking system initialized
[2019.11.05-17.33.56:869][  0]BlueprintLog: New page: Editor Load
[2019.11.05-17.33.56:940][  0]LocalizationService: Localization service is disabled
[2019.11.05-17.33.56:981][  0]LogLinker: Warning: Failed to load '/Game/FirstPersonBP/FirstPersonOverview': Can't find file.
[2019.11.05-17.33.56:981][  0]LogLinker: Warning: Failed to load '/Game/FirstPersonBP/FirstPersonOverview': Can't find file.
[2019.11.05-17.33.56:981][  0]LogUObjectGlobals: Warning: Failed to find object 'Class /Game/FirstPersonBP/FirstPersonOverview.FirstPersonOverview_C'
[2019.11.05-17.33.57:183][  0]LogFileCache: Scanning file cache for directory 'D:/Unreal Project/LastTimeProject/LastTime/Content/' took 0.01s
[2019.11.05-17.33.57:183][  0]LogCook: Display: Max memory allowance for cook 16384mb min free memory 0mb
[2019.11.05-17.33.57:183][  0]LogCook: Display: Mobile HDR setting 1
[2019.11.05-17.33.59:613][  0]SourceControl: Source control is disabled
[2019.11.05-17.33.59:613][  0]Cmd: MAP LOAD FILE="../../../../../Unreal Project/LastTimeProject/LastTime/Content/ThirdPersonCPP/Maps/ThirdPersonExampleMap.umap" TEMPLATE=0 SHOWPROGRESS=1 FEATURELEVEL=3
[2019.11.05-17.33.59:613][  0]LightingResults: New page: Lighting Build
[2019.11.05-17.33.59:615][  0]LogWorld: UWorld::CleanupWorld for Untitled, bSessionEnded=true, bCleanupResources=true
[2019.11.05-17.33.59:615][  0]MapCheck: New page: Map Check
[2019.11.05-17.33.59:615][  0]LightingResults: New page: Lighting Build
[2019.11.05-17.33.59:646][  0]LogUObjectHash: Compacting FUObjectHashTables data took   2.72ms
[2019.11.05-17.34.00:134][  0]LogAIModule: Creating AISystem for world ThirdPersonExampleMap
[2019.11.05-17.34.00:415][  0]LogEditorServer: Finished looking for orphan Actors (0.000 secs)
[2019.11.05-17.34.00:445][  0]LogUObjectHash: Compacting FUObjectHashTables data took   2.58ms
[2019.11.05-17.34.00:445][  0]Cmd: MAP CHECKDEP NOCLEARLOG
[2019.11.05-17.34.00:445][  0]MapCheck: Map check complete: 0 Error(s), 0 Warning(s), took 0.085ms to complete.
[2019.11.05-17.34.00:445][  0]LogFileHelpers: Loading map 'ThirdPersonExampleMap' took 0.832
[2019.11.05-17.34.00:947][  0]LogSlate: Updating window title bar state: overlay mode, drag disabled, window buttons hidden, title bar hidden
[2019.11.05-17.34.00:969][  0]LogSlate: Updating window title bar state: overlay mode, drag disabled, window buttons hidden, title bar hidden
[2019.11.05-17.34.00:978][  0]LogSlate: Updating window title bar state: overlay mode, drag disabled, window buttons hidden, title bar hidden
[2019.11.05-17.34.00:985][  0]LogSlate: Updating window title bar state: overlay mode, drag disabled, window buttons hidden, title bar hidden
[2019.11.05-17.34.01:048][  0]LogCollectionManager: Loaded 0 collections in 0.001340 seconds
[2019.11.05-17.34.01:130][  0]LogFileCache: Scanning file cache for directory 'D:/Unreal Project/LastTimeProject/LastTime/Saved/Collections/' took 0.00s
[2019.11.05-17.34.01:130][  0]LogFileCache: Scanning file cache for directory 'D:/Unreal Project/LastTimeProject/LastTime/Content/Developers/Marcus/Collections/' took 0.00s
[2019.11.05-17.34.01:130][  0]LogFileCache: Scanning file cache for directory 'D:/Unreal Project/LastTimeProject/LastTime/Content/Collections/' took 0.00s
[2019.11.05-17.34.01:130][  0]LogCollectionManager: Rebuilt the GUID cache for 0 collections in 0.000002 seconds
[2019.11.05-17.34.01:179][  0]LogContentBrowser: Native class hierarchy populated in 0.0352 seconds. Added 3047 classes and 767 folders.
[2019.11.05-17.34.01:397][  0]LogContentBrowser: Native class hierarchy updated for 'WidgetCarousel' in 0.0005 seconds. Added 0 classes and 0 folders.
[2019.11.05-17.34.02:170][  0]LogContentBrowser: Native class hierarchy updated for 'AddContentDialog' in 0.0005 seconds. Added 0 classes and 0 folders.
[2019.11.05-17.34.02:257][  0]LogContentBrowser: Native class hierarchy updated for 'SceneOutliner' in 0.0006 seconds. Added 1 classes and 0 folders.
[2019.11.05-17.34.03:085][  0]LogContentBrowser: Native class hierarchy updated for 'WorldBrowser' in 0.0005 seconds. Added 2 classes and 3 folders.
[2019.11.05-17.34.03:263][  0]LogSlate: Took 0.000244 seconds to synchronously load lazily loaded font '../../../Engine/Content/Slate/Fonts/Roboto-Bold.ttf' (160K)
[2019.11.05-17.34.03:265][  0]LogSlate: Took 0.000352 seconds to synchronously load lazily loaded font '../../../Engine/Content/Slate/Fonts/Roboto-Regular.ttf' (155K)
[2019.11.05-17.34.03:277][  0]LogContentBrowser: Native class hierarchy updated for 'HierarchicalLODOutliner' in 0.0007 seconds. Added 0 classes and 0 folders.
[2019.11.05-17.34.03:277][  0]LogLoad: (Engine Initialization) Total time: 24.99 seconds
[2019.11.05-17.34.03:277][  0]LogLoad: (Engine Initialization) Total Blueprint compile time: 0.00 seconds
[2019.11.05-17.34.03:446][  0]LogContentStreaming: Texture pool size now 1000 MB
[2019.11.05-17.34.03:467][  0]LogSlate: Took 0.015758 seconds to synchronously load lazily loaded font '../../../Engine/Content/Editor/Slate/Fonts/FontAwesome.ttf' (139K)
[2019.11.05-17.34.03:879][  0]LogRenderer: Reallocating scene render targets to support 848x332 Format 10 NumSamples 1 (Frame:1).
[2019.11.05-17.34.03:879][  0]LogSlate: Took 0.025542 seconds to synchronously load lazily loaded font '../../../Engine/Content/Slate/Fonts/Roboto-Light.ttf' (167K)
[2019.11.05-17.34.04:289][  1]LogAssetRegistry: Asset discovery search completed in 21.7809 seconds
[2019.11.05-17.34.04:293][  1]LogCollectionManager: Rebuilt the object cache for 0 collections in 0.000004 seconds (found 0 objects)
[2019.11.05-17.34.04:293][  1]LogCollectionManager: Fixed up redirectors for 0 collections in 0.000080 seconds (updated 0 objects)
[2019.11.05-17.34.04:513][  3]LogSlate: Took 0.000198 seconds to synchronously load lazily loaded font '../../../Engine/Content/Slate/Fonts/Roboto-Light.ttf' (167K)
[2019.11.05-17.34.08:434][192]LogRenderer: Reallocating scene render targets to support 1148x408 Format 10 NumSamples 1 (Frame:142).
[2019.11.05-17.34.13:604][478]LogSlate: FSceneViewport::OnFocusLost() reason 0
[2019.11.05-17.34.13:771][488]LogRenderer: Reallocating scene render targets to support 1148x412 Format 10 NumSamples 1 (Frame:434).
[2019.11.05-17.34.13:796][489]LogRenderer: Reallocating scene render targets to support 1148x420 Format 10 NumSamples 1 (Frame:436).
[2019.11.05-17.34.13:823][490]LogRenderer: Reallocating scene render targets to support 1148x428 Format 10 NumSamples 1 (Frame:438).
[2019.11.05-17.34.13:853][491]LogRenderer: Reallocating scene render targets to support 1148x436 Format 10 NumSamples 1 (Frame:440).
[2019.11.05-17.34.13:881][492]LogRenderer: Reallocating scene render targets to support 1148x440 Format 10 NumSamples 1 (Frame:442).
[2019.11.05-17.34.13:903][493]LogRenderer: Reallocating scene render targets to support 1148x448 Format 10 NumSamples 1 (Frame:444).
[2019.11.05-17.34.13:942][495]LogRenderer: Reallocating scene render targets to support 1148x452 Format 10 NumSamples 1 (Frame:448).
[2019.11.05-17.34.13:965][496]LogRenderer: Reallocating scene render targets to support 1148x456 Format 10 NumSamples 1 (Frame:450).
[2019.11.05-17.34.13:990][497]LogRenderer: Reallocating scene render targets to support 1148x464 Format 10 NumSamples 1 (Frame:452).
[2019.11.05-17.34.14:035][499]LogRenderer: Reallocating scene render targets to support 1148x468 Format 10 NumSamples 1 (Frame:456).
[2019.11.05-17.34.14:129][504]LogRenderer: Reallocating scene render targets to support 1148x472 Format 10 NumSamples 1 (Frame:462).
[2019.11.05-17.34.14:171][506]LogRenderer: Reallocating scene render targets to support 1148x476 Format 10 NumSamples 1 (Frame:466).
[2019.11.05-17.34.14:211][508]LogRenderer: Reallocating scene render targets to support 1148x480 Format 10 NumSamples 1 (Frame:470).
[2019.11.05-17.34.14:233][509]LogRenderer: Reallocating scene render targets to support 1148x484 Format 10 NumSamples 1 (Frame:472).
[2019.11.05-17.34.14:254][510]LogRenderer: Reallocating scene render targets to support 1148x488 Format 10 NumSamples 1 (Frame:474).
[2019.11.05-17.34.20:969][912]LogSlate: FSceneViewport::OnFocusLost() reason 0
[2019.11.05-17.34.21:251][916]LogAssetEditorManager: Opening Asset editor for AnimSequence /Game/Assets/AmimationsAndCharacters/Anim_rifle_aiming_idle.Anim_rifle_aiming_idle
[2019.11.05-17.34.22:051][916]LogContentBrowser: Native class hierarchy updated for 'SkeletonEditor' in 0.0005 seconds. Added 1 classes and 2 folders.
[2019.11.05-17.34.22:662][916]LogActorComponent: RegisterComponentWithWorld: (/Engine/Transient.World_0:PersistentLevel.AnimationEditorPreviewActor_0.DebugSkelMeshComponent_0) Already registered. Aborting.
[2019.11.05-17.34.22:726][916]LogContentBrowser: Native class hierarchy updated for 'PinnedCommandList' in 0.0005 seconds. Added 1 classes and 0 folders.
[2019.11.05-17.34.23:514][916]LogSkeletalMesh: USkeletalMeshComponent::InitArticulated : Bodies already created (/Engine/Transient.World_0:PersistentLevel.AnimationEditorPreviewActor_0.DebugSkelMeshComponent_0) - call TermArticulated first.
[2019.11.05-17.34.24:948][916]LogRenderer: Reallocating scene render targets to support 1148x548 Format 10 NumSamples 1 (Frame:1).
[2019.11.05-17.34.24:948][916]LogContentBrowser: Verbose: The majority of assets in the view are of type: AnimSequence
[2019.11.05-17.34.48:208][272]LogSlate: FSceneViewport::OnFocusLost() reason 0
[2019.11.05-17.36.11:583][242]LogSlate: FSceneViewport::OnFocusLost() reason 0
[2019.11.05-17.36.16:684][515]LogEditorViewport: Clicking on Actor (LMB): ThirdPersonCharacter_C (ThirdPersonCharacter)
[2019.11.05-17.36.17:061][515]LogEditorViewport: Clicking on Component (LMB): CapsuleComponent (CollisionCylinder)
[2019.11.05-17.36.18:158][566]LogSlate: FSceneViewport::OnFocusLost() reason 0
[2019.11.05-17.36.18:340][570]LogAssetEditorManager: Opening Asset editor for Blueprint /Game/ThirdPersonCPP/Blueprints/ThirdPersonCharacter.ThirdPersonCharacter
[2019.11.05-17.36.19:234][570]LogContentBrowser: Native class hierarchy updated for 'BlueprintGraph' in 0.0008 seconds. Added 121 classes and 0 folders.
[2019.11.05-17.36.22:842][652]LogWorld: UWorld::CleanupWorld for World_7, bSessionEnded=true, bCleanupResources=true
[2019.11.05-17.36.23:003][652]LogAssetEditorManager: Opening Asset editor for Blueprint /Game/ThirdPersonCPP/Blueprints/ThirdPersonCharacter.ThirdPersonCharacter
[2019.11.05-17.36.23:585][652]LogSlate: Took 0.011586 seconds to synchronously load lazily loaded font '../../../Engine/Content/Slate/Fonts/Roboto-BoldCondensed.ttf' (158K)
[2019.11.05-17.36.24:527][679]LogSlate: Took 0.027274 seconds to synchronously load lazily loaded font '../../../Engine/Content/Slate/Fonts/Roboto-Italic.ttf' (157K)
[2019.11.05-17.36.25:098][712]LogRenderer: Reallocating scene render targets to support 1148x728 Format 10 NumSamples 1 (Frame:1).
[2019.11.05-17.36.29:356][955]LogSlate: FSceneViewport::OnFocusLost() reason 2
[2019.11.05-17.36.33:684][199]LogSlate: FSceneViewport::OnFocusLost() reason 2
[2019.11.05-17.36.51:769][254]LogSlate: FSceneViewport::OnFocusLost() reason 0
[2019.11.05-17.37.03:788][957]LogSlate: FSceneViewport::OnFocusLost() reason 0
[2019.11.05-17.37.26:756][241]LogSlate: FSceneViewport::OnFocusLost() reason 0
[2019.11.05-17.38.10:769][820]LogTemp: Repeating last play command: Selected Viewport
[2019.11.05-17.38.10:808][820]LogBlueprintUserMessages: Early PlayInEditor Detection: Level '/Game/ThirdPersonCPP/Maps/ThirdPersonExampleMap.ThirdPersonExampleMap:PersistentLevel' has LevelScriptBlueprint '/Game/ThirdPersonCPP/Maps/ThirdPersonExampleMap.ThirdPersonExampleMap:PersistentLevel.ThirdPersonExampleMap' with GeneratedClass '/Game/ThirdPersonCPP/Maps/ThirdPersonExampleMap.ThirdPersonExampleMap_C' with ClassGeneratedBy '/Game/ThirdPersonCPP/Maps/ThirdPersonExampleMap.ThirdPersonExampleMap:PersistentLevel.ThirdPersonExampleMap'
[2019.11.05-17.38.10:823][820]BlueprintLog: New page: Pre-Play auto-recompile
[2019.11.05-17.38.10:824][820]LogPlayLevel: [PlayLevel] Compiling ThirdPersonCharacter before play...
[2019.11.05-17.38.11:399][820]LogUObjectHash: Compacting FUObjectHashTables data took   3.81ms
[2019.11.05-17.38.11:399][820]LogPlayLevel: PlayLevel: Blueprint regeneration took 575 ms (1 blueprints)
[2019.11.05-17.38.11:399][820]PIE: New page: PIE session: ThirdPersonExampleMap (Nov 5, 2019, 7:38:11 AM)
[2019.11.05-17.38.11:430][820]LogOnline: OSS: Creating online subsystem instance for: NULL
[2019.11.05-17.38.11:452][820]LogPlayLevel: Creating play world package: /Game/ThirdPersonCPP/Maps/UEDPIE_0_ThirdPersonExampleMap
[2019.11.05-17.38.11:468][820]LogPlayLevel: PIE: StaticDuplicateObject took: (0.016319s)
[2019.11.05-17.38.11:469][820]LogAIModule: Creating AISystem for world ThirdPersonExampleMap
[2019.11.05-17.38.11:469][820]LogPlayLevel: PIE: World Init took: (0.001113s)
[2019.11.05-17.38.11:469][820]LogPlayLevel: PIE: Created PIE world by copying editor world from /Game/ThirdPersonCPP/Maps/ThirdPersonExampleMap.ThirdPersonExampleMap to /Game/ThirdPersonCPP/Maps/UEDPIE_0_ThirdPersonExampleMap.ThirdPersonExampleMap (0.017699s)
[2019.11.05-17.38.11:509][820]LogUObjectHash: Compacting FUObjectHashTables data took   3.57ms
[2019.11.05-17.38.11:564][820]LogInit: XAudio2 using 'Speakers (Realtek High Definition Audio(SST))' : 2 channels at 48 kHz using 32 bits per sample (channel mask 0x3)
[2019.11.05-17.38.11:591][820]LogInit: FAudioDevice initialized.
[2019.11.05-17.38.11:629][820]LogLoad: Game class is 'LastTimeGameMode'
[2019.11.05-17.38.11:644][820]LogWorld: Bringing World /Game/ThirdPersonCPP/Maps/UEDPIE_0_ThirdPersonExampleMap.ThirdPersonExampleMap up for play (max tick rate 60) at 2019.11.05-12.38.11
[2019.11.05-17.38.11:644][820]LogWorld: Bringing up level for play took: 0.013920
[2019.11.05-17.38.11:645][820]LogOnline: OSS: Creating online subsystem instance for: :Context_11
[2019.11.05-17.38.11:755][820]LogContentBrowser: Native class hierarchy updated for 'MovieSceneCapture' in 0.0005 seconds. Added 20 classes and 0 folders.
[2019.11.05-17.38.11:773][820]PIE: Play in editor start time for /Game/ThirdPersonCPP/Maps/UEDPIE_0_ThirdPersonExampleMap 0.867
[2019.11.05-17.38.11:773][820]LogBlueprintUserMessages: Late PlayInEditor Detection: Level '/Game/ThirdPersonCPP/Maps/ThirdPersonExampleMap.ThirdPersonExampleMap:PersistentLevel' has LevelScriptBlueprint '/Game/ThirdPersonCPP/Maps/ThirdPersonExampleMap.ThirdPersonExampleMap:PersistentLevel.ThirdPersonExampleMap' with GeneratedClass '/Game/ThirdPersonCPP/Maps/ThirdPersonExampleMap.ThirdPersonExampleMap_C' with ClassGeneratedBy '/Game/ThirdPersonCPP/Maps/ThirdPersonExampleMap.ThirdPersonExampleMap:PersistentLevel.ThirdPersonExampleMap'
[2019.11.05-17.38.16:442][ 67]LogBlueprintUserMessages: Early EndPlayMap Detection: Level '/Game/ThirdPersonCPP/Maps/ThirdPersonExampleMap.ThirdPersonExampleMap:PersistentLevel' has LevelScriptBlueprint '/Game/ThirdPersonCPP/Maps/ThirdPersonExampleMap.ThirdPersonExampleMap:PersistentLevel.ThirdPersonExampleMap' with GeneratedClass '/Game/ThirdPersonCPP/Maps/ThirdPersonExampleMap.ThirdPersonExampleMap_C' with ClassGeneratedBy '/Game/ThirdPersonCPP/Maps/ThirdPersonExampleMap.ThirdPersonExampleMap:PersistentLevel.ThirdPersonExampleMap'
[2019.11.05-17.38.16:482][ 67]LogSlate: Updating window title bar state: overlay mode, drag disabled, window buttons hidden, title bar hidden
[2019.11.05-17.38.16:482][ 67]LogWorld: BeginTearingDown for /Game/ThirdPersonCPP/Maps/UEDPIE_0_ThirdPersonExampleMap
[2019.11.05-17.38.16:483][ 67]LogWorld: UWorld::CleanupWorld for ThirdPersonExampleMap, bSessionEnded=true, bCleanupResources=true
[2019.11.05-17.38.16:493][ 67]LogPlayLevel: Display: Shutting down PIE online subsystems
[2019.11.05-17.38.16:493][ 67]LogBlueprintUserMessages: Late EndPlayMap Detection: Level '/Game/ThirdPersonCPP/Maps/ThirdPersonExampleMap.ThirdPersonExampleMap:PersistentLevel' has LevelScriptBlueprint '/Game/ThirdPersonCPP/Maps/ThirdPersonExampleMap.ThirdPersonExampleMap:PersistentLevel.ThirdPersonExampleMap' with GeneratedClass '/Game/ThirdPersonCPP/Maps/ThirdPersonExampleMap.ThirdPersonExampleMap_C' with ClassGeneratedBy '/Game/ThirdPersonCPP/Maps/ThirdPersonExampleMap.ThirdPersonExampleMap:PersistentLevel.ThirdPersonExampleMap'
[2019.11.05-17.38.16:546][ 67]LogSlate: Updating window title bar state: overlay mode, drag disabled, window buttons hidden, title bar hidden
[2019.11.05-17.38.16:569][ 67]LogUObjectHash: Compacting FUObjectHashTables data took   4.07ms
[2019.11.05-17.38.16:594][ 68]LogPlayLevel: Display: Destroying online subsystem :Context_11
[2019.11.05-17.38.20:577][298]LogSlate: FSceneViewport::OnFocusLost() reason 0
[2019.11.05-17.38.24:262][508]LogSlate: FSceneViewport::OnFocusLost() reason 0
[2019.11.05-17.38.33:675][841]LogSlate: FSceneViewport::OnFocusLost() reason 0
[2019.11.05-17.41.29:900][395]LogSlate: FSceneViewport::OnFocusLost() reason 0
[2019.11.05-17.43.32:832][739]LogSlate: FSceneViewport::OnFocusLost() reason 2
[2019.11.05-17.43.35:704][902]LogAnimation: Warning: AnimBP ThirdPerson_AnimBP_C is incompatible with skeleton exo_gray_Skeleton, removing AnimBP from actor.
[2019.11.05-17.43.35:705][902]LogAnimation: Warning: AnimBP ThirdPerson_AnimBP_C is incompatible with skeleton exo_gray_Skeleton, removing AnimBP from actor.
[2019.11.05-17.43.35:705][902]LogAnimation: Warning: AnimBP ThirdPerson_AnimBP_C is incompatible with skeleton exo_gray_Skeleton, removing AnimBP from actor.
[2019.11.05-17.43.37:811][  9]LogSlate: FSceneViewport::OnFocusLost() reason 2
[2019.11.05-17.44.00:205][131]LogEditorViewport: Clicking on Actor (LMB): ThirdPersonCharacter_C (ThirdPersonCharacter)
[2019.11.05-17.44.01:698][216]LogSlate: FSceneViewport::OnFocusLost() reason 0
[2019.11.05-17.44.12:275][799]LogSlate: FSceneViewport::OnFocusLost() reason 0
[2019.11.05-17.44.37:674][941]LogUObjectHash: Compacting FUObjectHashTables data took   3.33ms
[2019.11.05-17.44.37:959][941]LogSavePackage: Moving '../../../../../Unreal Project/LastTimeProject/LastTime/Saved/ThirdPersonExampleMap_Auto15ECDE4534A24FC09E1137F9EE5375C8F.tmp' to '../../../../../Unreal Project/LastTimeProject/LastTime/Saved/Autosaves/Game/ThirdPersonCPP/Maps/ThirdPersonExampleMap_Auto1.umap'
[2019.11.05-17.44.37:982][941]LogFileHelpers: Editor autosave (incl. sublevels) for '/Game/ThirdPersonCPP/Maps/ThirdPersonExampleMap' took 0.355
[2019.11.05-17.44.37:982][941]LogFileHelpers: Editor autosave (incl. sublevels) for all levels took 0.355
[2019.11.05-17.44.37:985][941]OBJ SavePackage: Generating thumbnails for [1] asset(s) in package [/Game/ThirdPersonCPP/Blueprints/ThirdPersonCharacter] ([1] browsable assets)...
[2019.11.05-17.44.38:038][941]OBJ SavePackage:     Rendered thumbnail for [Blueprint /Game/ThirdPersonCPP/Blueprints/ThirdPersonCharacter.ThirdPersonCharacter]
[2019.11.05-17.44.38:038][941]OBJ SavePackage: Finished generating thumbnails for package [/Game/ThirdPersonCPP/Blueprints/ThirdPersonCharacter]
[2019.11.05-17.44.38:095][941]LogSavePackage: Moving '../../../../../Unreal Project/LastTimeProject/LastTime/Saved/ThirdPersonCharacter_Auto12CEC10014066982D18D4B7B7B23F25B0.tmp' to '../../../../../Unreal Project/LastTimeProject/LastTime/Saved/Autosaves/Game/ThirdPersonCPP/Blueprints/ThirdPersonCharacter_Auto1.uasset'
[2019.11.05-17.44.38:096][941]LogFileHelpers: Auto-saving content packages took 0.113
[2019.11.05-18.00.22:562][752]LogHttp: Warning: 000002B2A1678680: invalid HTTP response code received. URL: https://datarouter.ol.epicgames.com/datarouter/api/v1/public/data?SessionID=%7B0F7CE292-43F5-53B6-F9B7-7889316D1B89%7D&AppID=UEEditor.Rocket.Release&AppVersion=4.23.1-9631420%2B%2B%2BUE4%2BRelease-4.23&UserID=7ef16d664b1aaabba3c5f4923677df84%7C77609016337c47f8a382df343eb12301%7C1c576fee-2491-4e5f-aa61-a03ff79e3223&AppEnvironment=datacollector-binary&UploadType=eteventstream, HTTP code: 0, content length: -1, actual payload size: 0
[2019.11.05-18.00.22:562][752]LogHttp: Warning: 000002B2A1678680: request failed, libcurl error: 56 (Failure when receiving data from the peer)
[2019.11.05-18.00.22:562][752]LogHttp: Warning: 000002B2A1678680: libcurl info message cache 0 (Found bundle for host datarouter.ol.epicgames.com: 0x2b25fc83f70 [can pipeline])
[2019.11.05-18.00.22:562][752]LogHttp: Warning: 000002B2A1678680: libcurl info message cache 1 (Re-using existing connection! (#9) with host datarouter.ol.epicgames.com)
[2019.11.05-18.00.22:562][752]LogHttp: Warning: 000002B2A1678680: libcurl info message cache 2 (Connected to datarouter.ol.epicgames.com (52.203.166.246) port 443 (#9))
[2019.11.05-18.00.22:562][752]LogHttp: Warning: 000002B2A1678680: libcurl info message cache 3 (We are completely uploaded and fine)
[2019.11.05-18.00.22:562][752]LogHttp: Warning: 000002B2A1678680: libcurl info message cache 4 (OpenSSL SSL_read: SSL_ERROR_SYSCALL, errno 10054)
[2019.11.05-18.00.22:562][752]LogHttp: Warning: 000002B2A1678680: libcurl info message cache 5 (Connection died, retrying a fresh connect)
[2019.11.05-18.00.22:562][752]LogHttp: Warning: 000002B2A1678680: libcurl info message cache 6 (necessary data rewind wasn't possible)
[2019.11.05-18.00.22:562][752]LogHttp: Warning: 000002B2A1678680: libcurl info message cache 7 (Closing connection 9)
[2019.11.05-18.00.22:562][752]LogHttp: Warning: Retry exhausted on https://datarouter.ol.epicgames.com/datarouter/api/v1/public/data?SessionID=%7B0F7CE292-43F5-53B6-F9B7-7889316D1B89%7D&AppID=UEEditor.Rocket.Release&AppVersion=4.23.1-9631420%2B%2B%2BUE4%2BRelease-4.23&UserID=7ef16d664b1aaabba3c5f4923677df84%7C77609016337c47f8a382df343eb12301%7C1c576fee-2491-4e5f-aa61-a03ff79e3223&AppEnvironment=datacollector-binary&UploadType=eteventstream
[2019.11.05-18.02.23:101][110]LogHttp: Warning: 000002B2A1679440: invalid HTTP response code received. URL: https://datarouter.ol.epicgames.com/datarouter/api/v1/public/data?SessionID=%7B0F7CE292-43F5-53B6-F9B7-7889316D1B89%7D&AppID=UEEditor.Rocket.Release&AppVersion=4.23.1-9631420%2B%2B%2BUE4%2BRelease-4.23&UserID=7ef16d664b1aaabba3c5f4923677df84%7C77609016337c47f8a382df343eb12301%7C1c576fee-2491-4e5f-aa61-a03ff79e3223&AppEnvironment=datacollector-binary&UploadType=eteventstream, HTTP code: 0, content length: -1, actual payload size: 0
[2019.11.05-18.02.23:101][110]LogHttp: Warning: 000002B2A1679440: request failed, libcurl error: 6 (Couldn't resolve host name)
[2019.11.05-18.02.23:101][110]LogHttp: Warning: 000002B2A1679440: libcurl info message cache 0 (Could not resolve host: datarouter.ol.epicgames.com)
[2019.11.05-18.02.23:101][110]LogHttp: Warning: 000002B2A1679440: libcurl info message cache 1 (Closing connection 10)
[2019.11.05-18.02.23:101][110]LogHttp: Warning: Retry exhausted on https://datarouter.ol.epicgames.com/datarouter/api/v1/public/data?SessionID=%7B0F7CE292-43F5-53B6-F9B7-7889316D1B89%7D&AppID=UEEditor.Rocket.Release&AppVersion=4.23.1-9631420%2B%2B%2BUE4%2BRelease-4.23&UserID=7ef16d664b1aaabba3c5f4923677df84%7C77609016337c47f8a382df343eb12301%7C1c576fee-2491-4e5f-aa61-a03ff79e3223&AppEnvironment=datacollector-binary&UploadType=eteventstream
[2019.11.05-18.04.23:448][468]LogHttp: Warning: 000002B2A1679F80: invalid HTTP response code received. URL: https://datarouter.ol.epicgames.com/datarouter/api/v1/public/data?SessionID=%7B0F7CE292-43F5-53B6-F9B7-7889316D1B89%7D&AppID=UEEditor.Rocket.Release&AppVersion=4.23.1-9631420%2B%2B%2BUE4%2BRelease-4.23&UserID=7ef16d664b1aaabba3c5f4923677df84%7C77609016337c47f8a382df343eb12301%7C1c576fee-2491-4e5f-aa61-a03ff79e3223&AppEnvironment=datacollector-binary&UploadType=eteventstream, HTTP code: 0, content length: -1, actual payload size: 0
[2019.11.05-18.04.23:448][468]LogHttp: Warning: 000002B2A1679F80: request failed, libcurl error: 6 (Couldn't resolve host name)
[2019.11.05-18.04.23:448][468]LogHttp: Warning: 000002B2A1679F80: libcurl info message cache 0 (Could not resolve host: datarouter.ol.epicgames.com)
[2019.11.05-18.04.23:448][468]LogHttp: Warning: 000002B2A1679F80: libcurl info message cache 1 (Closing connection 11)
[2019.11.05-18.04.23:448][468]LogHttp: Warning: Retry exhausted on https://datarouter.ol.epicgames.com/datarouter/api/v1/public/data?SessionID=%7B0F7CE292-43F5-53B6-F9B7-7889316D1B89%7D&AppID=UEEditor.Rocket.Release&AppVersion=4.23.1-9631420%2B%2B%2BUE4%2BRelease-4.23&UserID=7ef16d664b1aaabba3c5f4923677df84%7C77609016337c47f8a382df343eb12301%7C1c576fee-2491-4e5f-aa61-a03ff79e3223&AppEnvironment=datacollector-binary&UploadType=eteventstream
[2019.11.05-18.06.24:073][827]LogHttp: Warning: 000002B2A1679F80: invalid HTTP response code received. URL: https://datarouter.ol.epicgames.com/datarouter/api/v1/public/data?SessionID=%7B0F7CE292-43F5-53B6-F9B7-7889316D1B89%7D&AppID=UEEditor.Rocket.Release&AppVersion=4.23.1-9631420%2B%2B%2BUE4%2BRelease-4.23&UserID=7ef16d664b1aaabba3c5f4923677df84%7C77609016337c47f8a382df343eb12301%7C1c576fee-2491-4e5f-aa61-a03ff79e3223&AppEnvironment=datacollector-binary&UploadType=eteventstream, HTTP code: 0, content length: -1, actual payload size: 0
[2019.11.05-18.06.24:074][827]LogHttp: Warning: 000002B2A1679F80: request failed, libcurl error: 6 (Couldn't resolve host name)
[2019.11.05-18.06.24:074][827]LogHttp: Warning: 000002B2A1679F80: libcurl info message cache 0 (Could not resolve host: datarouter.ol.epicgames.com)
[2019.11.05-18.06.24:074][827]LogHttp: Warning: 000002B2A1679F80: libcurl info message cache 1 (Closing connection 12)
[2019.11.05-18.06.24:410][828]LogHttp: Warning: Retry exhausted on https://datarouter.ol.epicgames.com/datarouter/api/v1/public/data?SessionID=%7B0F7CE292-43F5-53B6-F9B7-7889316D1B89%7D&AppID=UEEditor.Rocket.Release&AppVersion=4.23.1-9631420%2B%2B%2BUE4%2BRelease-4.23&UserID=7ef16d664b1aaabba3c5f4923677df84%7C77609016337c47f8a382df343eb12301%7C1c576fee-2491-4e5f-aa61-a03ff79e3223&AppEnvironment=datacollector-binary&UploadType=eteventstream
[2019.11.05-18.08.24:975][187]LogHttp: Warning: 000002B2A1679BC0: invalid HTTP response code received. URL: https://datarouter.ol.epicgames.com/datarouter/api/v1/public/data?SessionID=%7B0F7CE292-43F5-53B6-F9B7-7889316D1B89%7D&AppID=UEEditor.Rocket.Release&AppVersion=4.23.1-9631420%2B%2B%2BUE4%2BRelease-4.23&UserID=7ef16d664b1aaabba3c5f4923677df84%7C77609016337c47f8a382df343eb12301%7C1c576fee-2491-4e5f-aa61-a03ff79e3223&AppEnvironment=datacollector-binary&UploadType=eteventstream, HTTP code: 0, content length: -1, actual payload size: 0
[2019.11.05-18.08.24:975][187]LogHttp: Warning: 000002B2A1679BC0: request failed, libcurl error: 6 (Couldn't resolve host name)
[2019.11.05-18.08.24:975][187]LogHttp: Warning: 000002B2A1679BC0: libcurl info message cache 0 (Could not resolve host: datarouter.ol.epicgames.com)
[2019.11.05-18.08.24:975][187]LogHttp: Warning: 000002B2A1679BC0: libcurl info message cache 1 (Closing connection 13)
[2019.11.05-18.08.25:310][188]LogHttp: Warning: Retry exhausted on https://datarouter.ol.epicgames.com/datarouter/api/v1/public/data?SessionID=%7B0F7CE292-43F5-53B6-F9B7-7889316D1B89%7D&AppID=UEEditor.Rocket.Release&AppVersion=4.23.1-9631420%2B%2B%2BUE4%2BRelease-4.23&UserID=7ef16d664b1aaabba3c5f4923677df84%7C77609016337c47f8a382df343eb12301%7C1c576fee-2491-4e5f-aa61-a03ff79e3223&AppEnvironment=datacollector-binary&UploadType=eteventstream
[2019.11.05-18.10.25:914][547]LogHttp: Warning: 000002B2A1678F40: invalid HTTP response code received. URL: https://datarouter.ol.epicgames.com/datarouter/api/v1/public/data?SessionID=%7B0F7CE292-43F5-53B6-F9B7-7889316D1B89%7D&AppID=UEEditor.Rocket.Release&AppVersion=4.23.1-9631420%2B%2B%2BUE4%2BRelease-4.23&UserID=7ef16d664b1aaabba3c5f4923677df84%7C77609016337c47f8a382df343eb12301%7C1c576fee-2491-4e5f-aa61-a03ff79e3223&AppEnvironment=datacollector-binary&UploadType=eteventstream, HTTP code: 0, content length: -1, actual payload size: 0
[2019.11.05-18.10.25:914][547]LogHttp: Warning: 000002B2A1678F40: request failed, libcurl error: 6 (Couldn't resolve host name)
[2019.11.05-18.10.25:914][547]LogHttp: Warning: 000002B2A1678F40: libcurl info message cache 0 (Could not resolve host: datarouter.ol.epicgames.com)
[2019.11.05-18.10.25:914][547]LogHttp: Warning: 000002B2A1678F40: libcurl info message cache 1 (Closing connection 14)
[2019.11.05-18.10.26:248][548]LogHttp: Warning: Retry exhausted on https://datarouter.ol.epicgames.com/datarouter/api/v1/public/data?SessionID=%7B0F7CE292-43F5-53B6-F9B7-7889316D1B89%7D&AppID=UEEditor.Rocket.Release&AppVersion=4.23.1-9631420%2B%2B%2BUE4%2BRelease-4.23&UserID=7ef16d664b1aaabba3c5f4923677df84%7C77609016337c47f8a382df343eb12301%7C1c576fee-2491-4e5f-aa61-a03ff79e3223&AppEnvironment=datacollector-binary&UploadType=eteventstream
[2019.11.06-02.00.50:926][599]LogInit: XAudio2 using 'AG271QG4-C (2- NVIDIA High Definition Audio)' : 2 channels at 48 kHz using 16 bits per sample (channel mask 0x3)
[2019.11.06-02.11.48:762][563]LogInit: XAudio2 using 'Speakers (Cosmos Stereo)' : 2 channels at 44.1 kHz using 16 bits per sample (channel mask 0x3)
[2019.11.06-02.11.49:609][565]LogInit: XAudio2 using 'Speakers (Cosmos Stereo)' : 2 channels at 44.1 kHz using 16 bits per sample (channel mask 0x3)
[2019.11.06-04.51.45:938][220]LogWindowsTextInputMethodSystem: Display: IME system now deactivated.
[2019.11.06-04.51.45:942][220]LogWindowsTextInputMethodSystem: Display: IME system now activated using TSF (Microsoft Pinyin).
